<?xml version="1.0" encoding="UTF-8"?>
<Site BuildName="(empty)"
	BuildStamp="20230125-1057-Experimental"
	Name="(empty)"
	Generator="ctest-3.24.2"
	CompilerName=""
	CompilerVersion=""
	OSName="Windows"
	Hostname="DESKTOP-BRFNNCP"
	OSRelease=" Professional"
	OSVersion=" (Build 19044)"
	OSPlatform="AMD64"
	Is64Bits="1"
	VendorString="AuthenticAMD"
	VendorID="Advanced Micro Devices"
	FamilyID="15"
	ModelID="0"
	ProcessorCacheSize="64"
	NumberOfLogicalCPU="8"
	NumberOfPhysicalCPU="8"
	TotalVirtualMemory="20199"
	TotalPhysicalMemory="15591"
	LogicalProcessorsPerPhysical="1"
	ProcessorClockFrequency="1996"
	>
	<Testing>
		<StartDateTime>Jan 25 11:57 W. Europe Standard Time</StartDateTime>
		<StartTestTime>1674644276</StartTestTime>
		<TestList/>
		<EndDateTime>Jan 25 11:57 W. Europe Standard Time</EndDateTime>
		<EndTestTime>1674644276</EndTestTime>
		<ElapsedMinutes>0</ElapsedMinutes>
	</Testing>
</Site>
